01/12/20 07:30PM	20036	El metodo es publico.
ERACION**********
egorias:GET","valor":"Obtener carta","fecha_actualizacion":"2020-11-27 16:05:26","id":"5"}]
01/12/20 07:25PM	20036	El metodo es publico.
01/12/20 07:25PM	20036	El metodo es publico.
01/12/20 07:25PM	20036	**********FIN DE OPERACION**********
01/12/20 07:25PM	20036	**********FIN DE OPERACION**********
01/12/20 07:25PM	20036	**********INICIO DE OPERACION**********
01/12/20 07:25PM	20036	{"Host":"localhost:81","Connection":"keep-alive","Content-Length":"88","Accept":"application\/json, text\/plain, *\/*","User-Agent":"Mozilla\/5.0 (Windows NT 10.0; Win64; x64) AppleWebKit\/537.36 (KHTML, like Gecko) Chrome\/86.0.4240.198 Safari\/537.36","token":"805fc66d166d6848bcee80e9152226e8cb7f2776ece54dcb4e84d0fe4bd13cbb8c6ed649730adeddb433468c73af1e624503e548bd0401a61d60b5a0f76c7820","Content-Type":"application\/json","Origin":"http:\/\/localhost:4200","Sec-Fetch-Site":"same-site","Sec-Fetch-Mode":"cors","Sec-Fetch-Dest":"empty","Referer":"http:\/\/localhost:4200\/","Accept-Encoding":"gzip, deflate, br","Accept-Language":"es-ES,es;q=0.9,en;q=0.8"}
01/12/20 07:25PM	20036	auditoria:POST
01/12/20 07:25PM	20036	[]
01/12/20 07:25PM	20036	si el metodo esta no es publico  verifico que este logueado.
01/12/20 07:25PM	20036	Metodo Privado, Usuario autenticado
01/12/20 07:25PM	20036	Invocacion URL=> auditoria:POST
01/12/20 07:25PM	20036	POST:Body=>{"idUser":10009,"idRol":3,"operacion":"ObtenerCarta","log":"Se ah solicitado la carta."}
01/12/20 07:25PM	20036	POST:Body Sanitizado=>{"idUser":10009,"idRol":3,"operacion":"ObtenerCarta","log":"Se ah solicitado la carta."}
01/12/20 07:25PM	20036	**********FIN DE OPERACION**********
01/12/20 07:26PM	20036	**********INICIO DE OPERACION**********
01/12/20 07:26PM	20036	{"Host":"localhost:81","Connection":"keep-alive","Content-Length":"64","Accept":"application\/json, text\/plain, *\/*","User-Agent":"Mozilla\/5.0 (Windows NT 10.0; Win64; x64) AppleWebKit\/537.36 (KHTML, like Gecko) Chrome\/86.0.4240.198 Safari\/537.36","token":"805fc66d166d6848bcee80e9152226e8cb7f2776ece54dcb4e84d0fe4bd13cbb8c6ed649730adeddb433468c73af1e624503e548bd0401a61d60b5a0f76c7820","Content-Type":"application\/json","Origin":"http:\/\/localhost:4200","Sec-Fetch-Site":"same-site","Sec-Fetch-Mode":"cors","Sec-Fetch-Dest":"empty","Referer":"http:\/\/localhost:4200\/","Accept-Encoding":"gzip, deflate, br","Accept-Language":"es-ES,es;q=0.9,en;q=0.8"}
01/12/20 07:26PM	20036	altacarta:POST
01/12/20 07:26PM	20036	[]
01/12/20 07:26PM	20036	si el metodo esta no es publico  verifico que este logueado.
01/12/20 07:26PM	20036	Metodo Privado, Usuario autenticado
01/12/20 07:26PM	20036	Invocacion URL=> altacarta:POST
01/12/20 07:26PM	20036	POST:Body=>{"nombre":"asdsada","url":"asdasd","precio":500,"categoria":"2"}
01/12/20 07:26PM	20036	POST:Body Sanitizado=>{"nombre":"asdsada","url":"asdasd","precio":500,"categoria":"2"}
01/12/20 07:26PM	20036	**********FIN DE OPERACION**********
01/12/20 07:26PM	20036	**********INICIO DE OPERACION**********
01/12/20 07:26PM	20036	{"Host":"localhost:81","Connection":"keep-alive","Content-Length":"102","Accept":"application\/json, text\/plain, *\/*","User-Agent":"Mozilla\/5.0 (Windows NT 10.0; Win64; x64) AppleWebKit\/537.36 (KHTML, like Gecko) Chrome\/86.0.4240.198 Safari\/537.36","token":"805fc66d166d6848bcee80e9152226e8cb7f2776ece54dcb4e84d0fe4bd13cbb8c6ed649730adeddb433468c73af1e624503e548bd0401a61d60b5a0f76c7820","Content-Type":"application\/json","Origin":"http:\/\/localhost:4200","Sec-Fetch-Site":"same-site","Sec-Fetch-Mode":"cors","Sec-Fetch-Dest":"empty","Referer":"http:\/\/localhost:4200\/","Accept-Encoding":"gzip, deflate, br","Accept-Language":"es-ES,es;q=0.9,en;q=0.8"}
01/12/20 07:26PM	20036	auditoria:POST
01/12/20 07:26PM	20036	[]
01/12/20 07:26PM	20036	**********INICIO DE OPERACION**********
01/12/20 07:26PM	20036	si el metodo esta no es publico  verifico que este logueado.
01/12/20 07:26PM	20036	{"Host":"localhost:81","Connection":"keep-alive","Accept":"application\/json, text\/plain, *\/*","User-Agent":"Mozilla\/5.0 (Windows NT 10.0; Win64; x64) AppleWebKit\/537.36 (KHTML, like Gecko) Chrome\/86.0.4240.198 Safari\/537.36","token":"noRequireToken","Content-Type":"application\/json","Origin":"http:\/\/localhost:4200","Sec-Fetch-Site":"same-site","Sec-Fetch-Mode":"cors","Sec-Fetch-Dest":"empty","Referer":"http:\/\/localhost:4200\/","Accept-Encoding":"gzip, deflate, br","Accept-Language":"es-ES,es;q=0.9,en;q=0.8"}
01/12/20 07:26PM	20036	{"Host":"localhost:81","Connection":"keep-alive","Accept":"application\/json, text\/plain, *\/*","User-Agent":"Mozilla\/5.0 (Windows NT 10.0; Win64; x64) AppleWebKit\/537.36 (KHTML, like Gecko) Chrome\/86.0.4240.198 Safari\/537.36","token":"noRequireToken","Content-Type":"application\/json","Origin":"http:\/\/localhost:4200","Sec-Fetch-Site":"same-site","Sec-Fetch-Mode":"cors","Sec-Fetch-Dest":"empty","Referer":"http:\/\/localhost:4200\/","Accept-Encoding":"gzip, deflate, br","Accept-Language":"es-ES,es;q=0.9,en;q=0.8"}
01/12/20 07:26PM	20036	carrusel:GET
01/12/20 07:26PM	20036	Invocacion URL=> auditoria:POST
01/12/20 07:26PM	20036	[{"tabla":"PUBLIC_URL","clave":"carta:GET","valor":"Obtener carta","fecha_actualizacion":"2020-11-27 16:04:06","id":"4"}]
01/12/20 07:26PM	20036	POST:Body=>{"idUser":10009,"idRol":3,"operacion":"AltaItemCarta","log":"Se ah agregado un registro en la carta."}
01/12/20 07:26PM	20036	El metodo es publico.
01/12/20 07:26PM	20036	**********FIN DE OPERACION**********
,"idRol":3,"operacion":"AltaItemCarta","log":"Se ah agregado un registro en la carta."}
01/12/20 07:26PM	20036	**********FIN DE OPERACION**********
01/12/20 07:26PM	20036	**********FIN DE OPERACION**********
01/12/20 07:26PM	20036	**********INICIO DE OPERACION**********
01/12/20 07:26PM	20036	{"Host":"localhost:81","Connection":"keep-alive","Content-Length":"88","Accept":"application\/json, text\/plain, *\/*","User-Agent":"Mozilla\/5.0 (Windows NT 10.0; Win64; x64) AppleWebKit\/537.36 (KHTML, like Gecko) Chrome\/86.0.4240.198 Safari\/537.36","token":"805fc66d166d6848bcee80e9152226e8cb7f2776ece54dcb4e84d0fe4bd13cbb8c6ed649730adeddb433468c73af1e624503e548bd0401a61d60b5a0f76c7820","Content-Type":"application\/json","Origin":"http:\/\/localhost:4200","Sec-Fetch-Site":"same-site","Sec-Fetch-Mode":"cors","Sec-Fetch-Dest":"empty","Referer":"http:\/\/localhost:4200\/","Accept-Encoding":"gzip, deflate, br","Accept-Language":"es-ES,es;q=0.9,en;q=0.8"}
01/12/20 07:26PM	20036	auditoria:POST
01/12/20 07:26PM	20036	[]
01/12/20 07:26PM	20036	si el metodo esta no es publico  verifico que este logueado.
01/12/20 07:26PM	20036	Metodo Privado, Usuario autenticado
01/12/20 07:26PM	20036	Invocacion URL=> auditoria:POST
01/12/20 07:26PM	20036	POST:Body=>{"idUser":10009,"idRol":3,"operacion":"ObtenerCarta","log":"Se ah solicitado la carta."}
01/12/20 07:26PM	20036	POST:Body Sanitizado=>{"idUser":10009,"idRol":3,"operacion":"ObtenerCarta","log":"Se ah solicitado la carta."}
01/12/20 07:26PM	20036	**********FIN DE OPERACION**********
01/12/20 07:29PM	20036	**********INICIO DE OPERACION**********
01/12/20 07:29PM	20036	{"Host":"localhost:81","Connection":"keep-alive","Content-Length":"68","Accept":"application\/json, text\/plain, *\/*","User-Agent":"Mozilla\/5.0 (Windows NT 10.0; Win64; x64) AppleWebKit\/537.36 (KHTML, like Gecko) Chrome\/86.0.4240.198 Safari\/537.36","token":"805fc66d166d6848bcee80e9152226e8cb7f2776ece54dcb4e84d0fe4bd13cbb8c6ed649730adeddb433468c73af1e624503e548bd0401a61d60b5a0f76c7820","Content-Type":"application\/json","Origin":"http:\/\/localhost:4200","Sec-Fetch-Site":"same-site","Sec-Fetch-Mode":"cors","Sec-Fetch-Dest":"empty","Referer":"http:\/\/localhost:4200\/","Accept-Encoding":"gzip, deflate, br","Accept-Language":"es-ES,es;q=0.9,en;q=0.8"}
01/12/20 07:29PM	20036	carta/:PUT
01/12/20 07:29PM	20036	[]
01/12/20 07:29PM	20036	si el metodo esta no es publico  verifico que este logueado.
01/12/20 07:29PM	20036	Metodo Privado, Usuario autenticado
01/12/20 07:29PM	20036	Invocacion URL=> carta/28:PUT
01/12/20 07:29PM	20036	PIT:input Body=>{"nombre":"arreglado","url":"asdasd","precio":"500","categoria":"2"}
01/12/20 07:29PM	20036	PUT:Body Sanitizado=>{"nombre":"arreglado","url":"asdasd","precio":"500","categoria":"2"}
01/12/20 07:29PM	20036	**********FIN DE OPERACION**********
01/12/20 07:29PM	20036	**********INICIO DE OPERACION**********
01/12/20 07:29PM	20036	{"Host":"localhost:81","Connection":"keep-alive","Content-Length":"111","Accept":"application\/json, text\/plain, *\/*","User-Agent":"Mozilla\/5.0 (Windows NT 10.0; Win64; x64) AppleWebKit\/537.36 (KHTML, like Gecko) Chrome\/86.0.4240.198 Safari\/537.36","token":"805fc66d166d6848bcee80e9152226e8cb7f2776ece54dcb4e84d0fe4bd13cbb8c6ed649730adeddb433468c73af1e624503e548bd0401a61d60b5a0f76c7820","Content-Type":"application\/json","Origin":"http:\/\/localhost:4200","Sec-Fetch-Site":"same-site","Sec-Fetch-Mode":"cors","Sec-Fetch-Dest":"empty","Referer":"http:\/\/localhost:4200\/","Accept-Encoding":"gzip, deflate, br","Accept-Language":"es-ES,es;q=0.9,en;q=0.8"}
01/12/20 07:29PM	20036	**********INICIO DE OPERACION**********
01/12/20 07:29PM	20036	auditoria:POST
O DE OPERACION**********
01/12/20 07:29PM	20036	{"Host":"localhost:81","Connection":"keep-alive","Accept":"application\/json, text\/plain, *\/*","User-Agent":"Mozilla\/5.0 (Windows NT 10.0; Win64; x64) AppleWebKit\/537.36 (KHTML, like Gecko) Chrome\/86.0.4240.198 Safari\/537.36","token":"noRequireToken","Content-Type":"application\/json","Origin":"http:\/\/localhost:4200","Sec-Fetch-Site":"same-site","Sec-Fetch-Mode":"cors","Sec-Fetch-Dest":"empty","Referer":"http:\/\/localhost:4200\/","Accept-Encoding":"gzip, deflate, br","Accept-Language":"es-ES,es;q=0.9,en;q=0.8"}
01/12/20 07:29PM	20036	{"Host":"localhost:81","Connection":"keep-alive","Accept":"application\/json, text\/plain, *\/*","User-Agent":"Mozilla\/5.0 (Windows NT 10.0; Win64; x64) AppleWebKit\/537.36 (KHTML, like Gecko) Chrome\/86.0.4240.198 Safari\/537.36","token":"noRequireToken","Content-Type":"application\/json","Origin":"http:\/\/localhost:4200","Sec-Fetch-Site":"same-site","Sec-Fetch-Mode":"cors","Sec-Fetch-Dest":"empty","Referer":"http:\/\/localhost:4200\/","Accept-Encoding":"gzip, deflate, br","Accept-Language":"es-ES,es;q=0.9,en;q=0.8"}
01/12/20 07:29PM	20036	carta:GET
01/12/20 07:29PM	20036	carrusel:GET
esta no es publico  verifico que este logueado.
01/12/20 07:29PM	20036	[{"tabla":"PUBLIC_URL","clave":"carta:GET","valor":"Obtener carta","fecha_actualizacion":"2020-11-27 16:04:06","id":"4"}]
01/12/20 07:29PM	20036	Metodo Privado, Usuario autenticado
usel:GET","valor":"Obtener carrusel","fecha_actualizacion":"2020-11-27 16:03:05","id":"3"}]
01/12/20 07:29PM	20036	El metodo es publico.
01/12/20 07:29PM	20036	Invocacion URL=> auditoria:POST
01/12/20 07:29PM	20036	POST:Body=>{"idUser":10009,"idRol":3,"operacion":"ActualizarItemCarta","log":"Se ah actualizado un registro en la carta."}
01/12/20 07:29PM	20036	POST:Body Sanitizado=>{"idUser":10009,"idRol":3,"operacion":"ActualizarItemCarta","log":"Se ah actualizado un registro en la carta."}
01/12/20 07:29PM	20036	**********FIN DE OPERACION**********
01/12/20 07:29PM	20036	**********INICIO DE OPERACION**********
01/12/20 07:29PM	20036	{"Host":"localhost:81","Connection":"keep-alive","Content-Length":"96","Accept":"application\/json, text\/plain, *\/*","User-Agent":"Mozilla\/5.0 (Windows NT 10.0; Win64; x64) AppleWebKit\/537.36 (KHTML, like Gecko) Chrome\/86.0.4240.198 Safari\/537.36","token":"805fc66d166d6848bcee80e9152226e8cb7f2776ece54dcb4e84d0fe4bd13cbb8c6ed649730adeddb433468c73af1e624503e548bd0401a61d60b5a0f76c7820","Content-Type":"application\/json","Origin":"http:\/\/localhost:4200","Sec-Fetch-Site":"same-site","Sec-Fetch-Mode":"cors","Sec-Fetch-Dest":"empty","Referer":"http:\/\/localhost:4200\/","Accept-Encoding":"gzip, deflate, br","Accept-Language":"es-ES,es;q=0.9,en;q=0.8"}
01/12/20 07:29PM	20036	auditoria:POST
01/12/20 07:29PM	20036	[]
01/12/20 07:29PM	20036	si el metodo esta no es publico  verifico que este logueado.
01/12/20 07:29PM	20036	Metodo Privado, Usuario autenticado
01/12/20 07:29PM	20036	Invocacion URL=> auditoria:POST
01/12/20 07:29PM	20036	POST:Body=>{"idUser":10009,"idRol":3,"operacion":"ObtenerCarrusell","log":"Se ah solicitado la carrusell."}
01/12/20 07:29PM	20036	POST:Body Sanitizado=>{"idUser":10009,"idRol":3,"operacion":"ObtenerCarrusell","log":"Se ah solicitado la carrusell."}
01/12/20 07:29PM	20036	**********FIN DE OPERACION**********
01/12/20 07:30PM	20036	**********INICIO DE OPERACION**********
01/12/20 07:30PM	20036	{"Host":"localhost:81","Connection":"keep-alive","Accept":"application\/json, text\/plain, *\/*","User-Agent":"Mozilla\/5.0 (Windows NT 10.0; Win64; x64) AppleWebKit\/537.36 (KHTML, like Gecko) Chrome\/86.0.4240.198 Safari\/537.36","token":"805fc66d166d6848bcee80e9152226e8cb7f2776ece54dcb4e84d0fe4bd13cbb8c6ed649730adeddb433468c73af1e624503e548bd0401a61d60b5a0f76c7820","Content-Type":"application\/json","Origin":"http:\/\/localhost:4200","Sec-Fetch-Site":"same-site","Sec-Fetch-Mode":"cors","Sec-Fetch-Dest":"empty","Referer":"http:\/\/localhost:4200\/","Accept-Encoding":"gzip, deflate, br","Accept-Language":"es-ES,es;q=0.9,en;q=0.8"}
01/12/20 07:30PM	20036	carta/:DELETE
01/12/20 07:30PM	20036	[]
01/12/20 07:30PM	20036	si el metodo esta no es publico  verifico que este logueado.
01/12/20 07:30PM	20036	Metodo Privado, Usuario autenticado
01/12/20 07:30PM	20036	**********FIN DE OPERACION**********
01/12/20 07:30PM	20036	**********INICIO DE OPERACION**********
01/12/20 07:30PM	20036	**********INICIO DE OPERACION**********
01/12/20 07:30PM	20036	{"Host":"localhost:81","Connection":"keep-alive","Content-Length":"107","Accept":"application\/json, text\/plain, *\/*","User-Agent":"Mozilla\/5.0 (Windows NT 10.0; Win64; x64) AppleWebKit\/537.36 (KHTML, like Gecko) Chrome\/86.0.4240.198 Safari\/537.36","token":"805fc66d166d6848bcee80e9152226e8cb7f2776ece54dcb4e84d0fe4bd13cbb8c6ed649730adeddb433468c73af1e624503e548bd0401a61d60b5a0f76c7820","Content-Type":"application\/json","Origin":"http:\/\/localhost:4200","Sec-Fetch-Site":"same-site","Sec-Fetch-Mode":"cors","Sec-Fetch-Dest":"empty","Referer":"http:\/\/localhost:4200\/","Accept-Encoding":"gzip, deflate, br","Accept-Language":"es-ES,es;q=0.9,en;q=0.8"}
01/12/20 07:30PM	20036	{"Host":"localhost:81","Connection":"keep-alive","Accept":"application\/json, text\/plain, *\/*","User-Agent":"Mozilla\/5.0 (Windows NT 10.0; Win64; x64) AppleWebKit\/537.36 (KHTML, like Gecko) Chrome\/86.0.4240.198 Safari\/537.36","token":"noRequireToken","Content-Type":"application\/json","Origin":"http:\/\/localhost:4200","Sec-Fetch-Site":"same-site","Sec-Fetch-Mode":"cors","Sec-Fetch-Dest":"empty","Referer":"http:\/\/localhost:4200\/","Accept-Encoding":"gzip, deflate, br","Accept-Language":"es-ES,es;q=0.9,en;q=0.8"}
01/12/20 07:30PM	20036	auditoria:POST
01/12/20 07:30PM	20036	carta:GET
ET
01/12/20 07:30PM	20036	[]
01/12/20 07:30PM	20036	[{"tabla":"PUBLIC_URL","clave":"carta:GET","valor":"Obtener carta","fecha_actualizacion":"2020-11-27 16:04:06","id":"4"}]
"3"}]
01/12/20 07:30PM	20036	si el metodo esta no es publico  verifico que este logueado.
01/12/20 07:30PM	20036	El metodo es publico.
01/12/20 07:30PM	20036	Metodo Privado, Usuario autenticado
01/12/20 07:30PM	20036	**********FIN DE OPERACION**********
01/12/20 07:30PM	20036	Invocacion URL=> auditoria:POST
01/12/20 07:30PM	20036	POST:Body=>{"idUser":10009,"idRol":3,"operacion":"EliminarItemCarta","log":"Se ah Eliminado un registro de la carta."}
01/12/20 07:30PM	20036	POST:Body Sanitizado=>{"idUser":10009,"idRol":3,"operacion":"EliminarItemCarta","log":"Se ah Eliminado un registro de la carta."}
01/12/20 07:30PM	20036	**********INICIO DE OPERACION**********
01/12/20 07:30PM	20036	{"Host":"localhost:81","Connection":"keep-alive","Content-Length":"96","Accept":"application\/json, text\/plain, *\/*","User-Agent":"Mozilla\/5.0 (Windows NT 10.0; Win64; x64) AppleWebKit\/537.36 (KHTML, like Gecko) Chrome\/86.0.4240.198 Safari\/537.36","token":"805fc66d166d6848bcee80e9152226e8cb7f2776ece54dcb4e84d0fe4bd13cbb8c6ed649730adeddb433468c73af1e624503e548bd0401a61d60b5a0f76c7820","Content-Type":"application\/json","Origin":"http:\/\/localhost:4200","Sec-Fetch-Site":"same-site","Sec-Fetch-Mode":"cors","Sec-Fetch-Dest":"empty","Referer":"http:\/\/localhost:4200\/","Accept-Encoding":"gzip, deflate, br","Accept-Language":"es-ES,es;q=0.9,en;q=0.8"}
01/12/20 07:30PM	20036	**********FIN DE OPERACION**********
**
01/12/20 07:30PM	20036	auditoria:POST
01/12/20 07:30PM	20036	{"Host":"localhost:81","Connection":"keep-alive","Content-Length":"88","Accept":"application\/json, text\/plain, *\/*","User-Agent":"Mozilla\/5.0 (Windows NT 10.0; Win64; x64) AppleWebKit\/537.36 (KHTML, like Gecko) Chrome\/86.0.4240.198 Safari\/537.36","token":"805fc66d166d6848bcee80e9152226e8cb7f2776ece54dcb4e84d0fe4bd13cbb8c6ed649730adeddb433468c73af1e624503e548bd0401a61d60b5a0f76c7820","Content-Type":"application\/json","Origin":"http:\/\/localhost:4200","Sec-Fetch-Site":"same-site","Sec-Fetch-Mode":"cors","Sec-Fetch-Dest":"empty","Referer":"http:\/\/localhost:4200\/","Accept-Encoding":"gzip, deflate, br","Accept-Language":"es-ES,es;q=0.9,en;q=0.8"}
01/12/20 07:30PM	20036	[]
01/12/20 07:30PM	20036	auditoria:POST
01/12/20 07:30PM	20036	si el metodo esta no es publico  verifico que este logueado.
01/12/20 07:30PM	20036	[]
01/12/20 07:30PM	20036	Metodo Privado, Usuario autenticado
01/12/20 07:30PM	20036	si el metodo esta no es publico  verifico que este logueado.
01/12/20 07:30PM	20036	Invocacion URL=> auditoria:POST
01/12/20 07:30PM	20036	Metodo Privado, Usuario autenticado
01/12/20 07:30PM	20036	POST:Body=>{"idUser":10009,"idRol":3,"operacion":"ObtenerCarrusell","log":"Se ah solicitado la carrusell."}
01/12/20 07:30PM	20036	Invocacion URL=> auditoria:POST
01/12/20 07:30PM	20036	POST:Body Sanitizado=>{"idUser":10009,"idRol":3,"operacion":"ObtenerCarrusell","log":"Se ah solicitado la carrusell."}
01/12/20 07:30PM	20036	POST:Body=>{"idUser":10009,"idRol":3,"operacion":"ObtenerCarta","log":"Se ah solicitado la carta."}
01/12/20 07:30PM	20036	POST:Body Sanitizado=>{"idUser":10009,"idRol":3,"operacion":"ObtenerCarta","log":"Se ah solicitado la carta."}
01/12/20 07:30PM	20036	**********FIN DE OPERACION**********
01/12/20 07:30PM	20036	**********FIN DE OPERACION**********
01/12/20 07:31PM	20036	**********INICIO DE OPERACION**********
01/12/20 07:31PM	20036	{"Host":"localhost:81","Connection":"keep-alive","Content-Length":"18","Accept":"application\/json, text\/plain, *\/*","User-Agent":"Mozilla\/5.0 (Windows NT 10.0; Win64; x64) AppleWebKit\/537.36 (KHTML, like Gecko) Chrome\/86.0.4240.198 Safari\/537.36","token":"noRequireToken","Content-Type":"application\/json","Origin":"http:\/\/localhost:4200","Sec-Fetch-Site":"same-site","Sec-Fetch-Mode":"cors","Sec-Fetch-Dest":"empty","Referer":"http:\/\/localhost:4200\/","Accept-Encoding":"gzip, deflate, br","Accept-Language":"es-ES,es;q=0.9,en;q=0.8"}
01/12/20 07:31PM	20036	cerrarSesion:POST
01/12/20 07:31PM	20036	[{"tabla":"PUBLIC_URL","clave":"cerrarSesion:POST","valor":"Cerrar Session.","fecha_actualizacion":"2020-11-27 19:04:53","id":"10"}]
01/12/20 07:31PM	20036	El metodo es publico.
01/12/20 07:31PM	20036	Invocacion URL=> cerrarSesion:POST
01/12/20 07:31PM	20036	POST:Body=>{"idUsua":"10009"}
01/12/20 07:31PM	20036	POST:Body Sanitizado=>{"idUsua":"10009"}
01/12/20 07:31PM	20036	Se ah cerrado sesion del usaurio 10009
01/12/20 07:31PM	20036	**********FIN DE OPERACION**********
01/12/20 07:31PM	20036	**********INICIO DE OPERACION**********
01/12/20 07:31PM	20036	{"Host":"localhost:81","Connection":"keep-alive","Content-Length":"101","Accept":"application\/json, text\/plain, *\/*","User-Agent":"Mozilla\/5.0 (Windows NT 10.0; Win64; x64) AppleWebKit\/537.36 (KHTML, like Gecko) Chrome\/86.0.4240.198 Safari\/537.36","token":"805fc66d166d6848bcee80e9152226e8cb7f2776ece54dcb4e84d0fe4bd13cbb8c6ed649730adeddb433468c73af1e624503e548bd0401a61d60b5a0f76c7820","Content-Type":"application\/json","Origin":"http:\/\/localhost:4200","Sec-Fetch-Site":"same-site","Sec-Fetch-Mode":"cors","Sec-Fetch-Dest":"empty","Referer":"http:\/\/localhost:4200\/","Accept-Encoding":"gzip, deflate, br","Accept-Language":"es-ES,es;q=0.9,en;q=0.8"}
01/12/20 07:31PM	20036	auditoria:POST
01/12/20 07:31PM	20036	[]
01/12/20 07:31PM	20036	si el metodo esta no es publico  verifico que este logueado.
01/12/20 07:31PM	20036	Metodo Privado, Usuario no  autenticado
01/12/20 07:31PM	20036	**********INICIO DE OPERACION**********
01/12/20 07:31PM	20036	**********FIN DE OPERACION**********
01/12/20 07:31PM	20036	{"Host":"localhost:81","Connection":"keep-alive","Accept":"application\/json, text\/plain, *\/*","User-Agent":"Mozilla\/5.0 (Windows NT 10.0; Win64; x64) AppleWebKit\/537.36 (KHTML, like Gecko) Chrome\/86.0.4240.198 Safari\/537.36","token":"noRequireToken","Content-Type":"application\/json","Origin":"http:\/\/localhost:4200","Sec-Fetch-Site":"same-site","Sec-Fetch-Mode":"cors","Sec-Fetch-Dest":"empty","Referer":"http:\/\/localhost:4200\/","Accept-Encoding":"gzip, deflate, br","Accept-Language":"es-ES,es;q=0.9,en;q=0.8"}
01/12/20 07:31PM	20036	carrusel:GET
01/12/20 07:31PM	20036	[{"tabla":"PUBLIC_URL","clave":"carrusel:GET","valor":"Obtener carrusel","fecha_actualizacion":"2020-11-27 16:03:05","id":"3"}]
01/12/20 07:31PM	20036	El metodo es publico.
01/12/20 07:31PM	20036	**********FIN DE OPERACION**********
01/12/20 07:32PM	20036	**********INICIO DE OPERACION**********
01/12/20 07:32PM	20036	{"Host":"localhost:81","Connection":"keep-alive","Content-Length":"39","Accept":"application\/json, text\/plain, *\/*","User-Agent":"Mozilla\/5.0 (Windows NT 10.0; Win64; x64) AppleWebKit\/537.36 (KHTML, like Gecko) Chrome\/86.0.4240.198 Safari\/537.36","token":"noRequireToken","Content-Type":"application\/json","Origin":"http:\/\/localhost:4200","Sec-Fetch-Site":"same-site","Sec-Fetch-Mode":"cors","Sec-Fetch-Dest":"empty","Referer":"http:\/\/localhost:4200\/","Accept-Encoding":"gzip, deflate, br","Accept-Language":"es-ES,es;q=0.9,en;q=0.8"}
01/12/20 07:32PM	20036	login:POST
01/12/20 07:32PM	20036	[{"tabla":"PUBLIC_URL","clave":"login:POST","valor":"loguin usuario.","fecha_actualizacion":"2020-11-27 18:07:08","id":"9"}]
01/12/20 07:32PM	20036	El metodo es publico.
01/12/20 07:32PM	20036	Invocacion URL=> login:POST
01/12/20 07:32PM	20036	POST:Body=>{  "usuario":"cajero","clave":"cajero"}
01/12/20 07:32PM	20036	POST:Body Sanitizado=>{  "usuario":"cajero","clave":"cajero"}
01/12/20 07:32PM	20036	**********FIN DE OPERACION**********
01/12/20 07:32PM	20036	**********INICIO DE OPERACION**********
01/12/20 07:32PM	20036	{"Host":"localhost:81","Connection":"keep-alive","Content-Length":"84","Accept":"application\/json, text\/plain, *\/*","User-Agent":"Mozilla\/5.0 (Windows NT 10.0; Win64; x64) AppleWebKit\/537.36 (KHTML, like Gecko) Chrome\/86.0.4240.198 Safari\/537.36","token":"81bc6b47a57ea0a3223613fba97b9ff210917eba242c59f08ffa85207f1466d3e9987f2aabce3317b20bc8ae58622678ff51534d3e041479be93e9f18e22924c","Content-Type":"application\/json","Origin":"http:\/\/localhost:4200","Sec-Fetch-Site":"same-site","Sec-Fetch-Mode":"cors","Sec-Fetch-Dest":"empty","Referer":"http:\/\/localhost:4200\/","Accept-Encoding":"gzip, deflate, br","Accept-Language":"es-ES,es;q=0.9,en;q=0.8"}
01/12/20 07:32PM	20036	auditoria:POST
01/12/20 07:32PM	20036	[]
01/12/20 07:32PM	20036	si el metodo esta no es publico  verifico que este logueado.
01/12/20 07:32PM	20036	**********INICIO DE OPERACION**********
01/12/20 07:32PM	20036	Metodo Privado, Usuario autenticado
01/12/20 07:32PM	20036	{"Host":"localhost:81","Connection":"keep-alive","Accept":"application\/json, text\/plain, *\/*","User-Agent":"Mozilla\/5.0 (Windows NT 10.0; Win64; x64) AppleWebKit\/537.36 (KHTML, like Gecko) Chrome\/86.0.4240.198 Safari\/537.36","token":"81bc6b47a57ea0a3223613fba97b9ff210917eba242c59f08ffa85207f1466d3e9987f2aabce3317b20bc8ae58622678ff51534d3e041479be93e9f18e22924c","Content-Type":"application\/json","Origin":"http:\/\/localhost:4200","Sec-Fetch-Site":"same-site","Sec-Fetch-Mode":"cors","Sec-Fetch-Dest":"empty","Referer":"http:\/\/localhost:4200\/","Accept-Encoding":"gzip, deflate, br","Accept-Language":"es-ES,es;q=0.9,en;q=0.8"}
01/12/20 07:32PM	20036	Invocacion URL=> auditoria:POST
01/12/20 07:32PM	20036	mesas:GET
01/12/20 07:32PM	20036	POST:Body=>{"idUser":10009,"idRol":3,"operacion":"Login","log":"Inicio de sesion del usaurio."}
01/12/20 07:32PM	20036	[]
01/12/20 07:32PM	20036	POST:Body Sanitizado01/12/20 07:34PM	20036	**********FIN DE OPERACION**********
01/12/20 07:34PM	20036	Metodo Privado, Usuario autenticado
01/12/20 07:34PM	20036	Invocacion URL=> auditoria:POST
01/12/20 07:34PM	20036	POST:Body=>{"idUser":10009,"idRol":3,"operacion":"ObtenerMesas","log":"Se ha solicitado la lista de Mesas"}
01/12/20 07:34PM	20036	POST:Body Sanitizado=>{"idUser":10009,"idRol":3,"operacion":"ObtenerMesas","log":"Se ha solicitado la lista de Mesas"}
01/12/20 07:34PM	20036	**********FIN DE OPERACION**********
01/12/20 07:42PM	20036	**********INICIO DE OPERACION**********
01/12/20 07:42PM	20036	{"Host":"localhost:81","Connection":"keep-alive","Accept":"application\/json, text\/plain, *\/*","User-Agent":"Mozilla\/5.0 (Windows NT 10.0; Win64; x64) AppleWebKit\/537.36 (KHTML, like Gecko) Chrome\/86.0.4240.198 Safari\/537.36","token":"81bc6b47a57ea0a3223613fba97b9ff210917eba242c59f08ffa85207f1466d3e9987f2aabce3317b20bc8ae58622678ff51534d3e041479be93e9f18e22924c","Content-Type":"application\/json","Origin":"http:\/\/localhost:4200","Sec-Fetch-Site":"same-site","Sec-Fetch-Mode":"cors","Sec-Fetch-Dest":"empty","Referer":"http:\/\/localhost:4200\/","Accept-Encoding":"gzip, deflate, br","Accept-Language":"es-ES,es;q=0.9,en;q=0.8"}
01/12/20 07:42PM	20036	mesas:GET
01/12/20 07:42PM	20036	[]
01/12/20 07:42PM	20036	si el metodo esta no es publico  verifico que este logueado.
01/12/20 07:42PM	20036	Metodo Privado, Usuario autenticado
01/12/20 07:42PM	20036	**********FIN DE OPERACION**********
01/12/20 07:52PM	20036	**********INICIO DE OPERACION**********
01/12/20 07:52PM	20036	{"Host":"localhost:81","Connection":"keep-alive","Accept":"application\/json, text\/plain, *\/*","User-Agent":"Mozilla\/5.0 (Windows NT 10.0; Win64; x64) AppleWebKit\/537.36 (KHTML, like Gecko) Chrome\/86.0.4240.198 Safari\/537.36","token":"81bc6b47a57ea0a3223613fba97b9ff210917eba242c59f08ffa85207f1466d3e9987f2aabce3317b20bc8ae58622678ff51534d3e041479be93e9f18e22924c","Content-Type":"application\/json","Origin":"http:\/\/localhost:4200","Sec-Fetch-Site":"same-site","Sec-Fetch-Mode":"cors","Sec-Fetch-Dest":"empty","Referer":"http:\/\/localhost:4200\/","Accept-Encoding":"gzip, deflate, br","Accept-Language":"es-ES,es;q=0.9,en;q=0.8"}
01/12/20 07:52PM	20036	mesas:GET
01/12/20 07:52PM	20036	[]
01/12/20 07:52PM	20036	si el metodo esta no es publico  verifico que este logueado.
01/12/20 07:52PM	20036	Metodo Privado, Usuario autenticado
01/12/20 07:52PM	20036	**********FIN DE OPERACION**********
01/12/20 08:02PM	20036	**********INICIO DE OPERACION**********
01/12/20 08:02PM	20036	{"Host":"localhost:81","Connection":"keep-alive","Accept":"application\/json, text\/plain, *\/*","User-Agent":"Mozilla\/5.0 (Windows NT 10.0; Win64; x64) AppleWebKit\/537.36 (KHTML, like Gecko) Chrome\/86.0.4240.198 Safari\/537.36","token":"81bc6b47a57ea0a3223613fba97b9ff210917eba242c59f08ffa85207f1466d3e9987f2aabce3317b20bc8ae58622678ff51534d3e041479be93e9f18e22924c","Content-Type":"application\/json","Origin":"http:\/\/localhost:4200","Sec-Fetch-Site":"same-site","Sec-Fetch-Mode":"cors","Sec-Fetch-Dest":"empty","Referer":"http:\/\/localhost:4200\/","Accept-Encoding":"gzip, deflate, br","Accept-Language":"es-ES,es;q=0.9,en;q=0.8"}
01/12/20 08:02PM	20036	mesas:GET
01/12/20 08:02PM	20036	[]
01/12/20 08:02PM	20036	si el metodo esta no es publico  verifico que este logueado.
01/12/20 08:02PM	20036	Metodo Privado, Usuario autenticado
01/12/20 08:02PM	20036	**********FIN DE OPERACION**********
01/12/20 08:12PM	20036	**********INICIO DE OPERACION**********
01/12/20 08:12PM	20036	{"Host":"localhost:81","Connection":"keep-alive","Accept":"application\/json, text\/plain, *\/*","User-Agent":"Mozilla\/5.0 (Windows NT 10.0; Win64; x64) AppleWebKit\/537.36 (KHTML, like Gecko) Chrome\/86.0.4240.198 Safari\/537.36","token":"81bc6b47a57ea0a3223613fba97b9ff210917eba242c59f08ffa85207f1466d3e9987f2aabce3317b20bc8ae58622678ff51534d3e041479be93e9f18e22924c","Content-Type":"application\/json","Origin":"http:\/\/localhost:4200","Sec-Fetch-Site":"same-site","Sec-Fetch-Mode":"cors","Sec-Fetch-Dest":"empty","Referer":"http:\/\/localhost:4200\/","Accept-Encoding":"gzip, deflate, br","Accept-Language":"es-ES,es;q=0.9,en;q=0.8"}
01/12/20 08:12PM	20036	mesas:GET
01/12/20 08:12PM	20036	[]
01/12/20 08:12PM	20036	si el metodo esta no es publico  verifico que este logueado.
01/12/20 08:12PM	20036	Metodo Privado, Usuario autenticado
01/12/20 08:12PM	20036	**********FIN DE OPERACION**********
01/12/20 08:22PM	20036	**********INICIO DE OPERACION**********
01/12/20 08:22PM	20036	{"Host":"localhost:81","Connection":"keep-alive","Accept":"application\/json, text\/plain, *\/*","User-Agent":"Mozilla\/5.0 (Windows NT 10.0; Win64; x64) AppleWebKit\/537.36 (KHTML, like Gecko) Chrome\/86.0.4240.198 Safari\/537.36","token":"81bc6b47a57ea0a3223613fba97b9ff210917eba242c59f08ffa85207f1466d3e9987f2aabce3317b20bc8ae58622678ff51534d3e041479be93e9f18e22924c","Content-Type":"application\/json","Origin":"http:\/\/localhost:4200","Sec-Fetch-Site":"same-site","Sec-Fetch-Mode":"cors","Sec-Fetch-Dest":"empty","Referer":"http:\/\/localhost:4200\/","Accept-Encoding":"gzip, deflate, br","Accept-Language":"es-ES,es;q=0.9,en;q=0.8"}
01/12/20 08:22PM	20036	mesas:GET
01/12/20 08:22PM	20036	[]
01/12/20 08:22PM	20036	si el metodo esta no es publico  verifico que este logueado.
01/12/20 08:22PM	20036	Metodo Privado, Usuario autenticado
01/12/20 08:22PM	20036	**********FIN DE OPERACION**********
01/12/20 08:32PM	20036	**********INICIO DE OPERACION**********
01/12/20 08:32PM	20036	{"Host":"localhost:81","Connection":"keep-alive","Accept":"application\/json, text\/plain, *\/*","User-Agent":"Mozilla\/5.0 (Windows NT 10.0; Win64; x64) AppleWebKit\/537.36 (KHTML, like Gecko) Chrome\/86.0.4240.198 Safari\/537.36","token":"81bc6b47a57ea0a3223613fba97b9ff210917eba242c59f08ffa85207f1466d3e9987f2aabce3317b20bc8ae58622678ff51534d3e041479be93e9f18e22924c","Content-Type":"application\/json","Origin":"http:\/\/localhost:4200","Sec-Fetch-Site":"same-site","Sec-Fetch-Mode":"cors","Sec-Fetch-Dest":"empty","Referer":"http:\/\/localhost:4200\/","Accept-Encoding":"gzip, deflate, br","Accept-Language":"es-ES,es;q=0.9,en;q=0.8"}
01/12/20 08:32PM	20036	mesas:GET
01/12/20 08:32PM	20036	[]
01/12/20 08:32PM	20036	si el metodo esta no es publico  verifico que este logueado.
01/12/20 08:32PM	20036	Metodo Privado, Usuario autenticado
01/12/20 08:32PM	20036	**********FIN DE OPERACION**********
01/12/20 08:42PM	20036	**********INICIO DE OPERACION**********
01/12/20 08:42PM	20036	{"Host":"localhost:81","Connection":"keep-alive","Accept":"application\/json, text\/plain, *\/*","User-Agent":"Mozilla\/5.0 (Windows NT 10.0; Win64; x64) AppleWebKit\/537.36 (KHTML, like Gecko) Chrome\/86.0.4240.198 Safari\/537.36","token":"81bc6b47a57ea0a3223613fba97b9ff210917eba242c59f08ffa85207f1466d3e9987f2aabce3317b20bc8ae58622678ff51534d3e041479be93e9f18e22924c","Content-Type":"application\/json","Origin":"http:\/\/localhost:4200","Sec-Fetch-Site":"same-site","Sec-Fetch-Mode":"cors","Sec-Fetch-Dest":"empty","Referer":"http:\/\/localhost:4200\/","Accept-Encoding":"gzip, deflate, br","Accept-Language":"es-ES,es;q=0.9,en;q=0.8"}
01/12/20 08:42PM	20036	mesas:GET
01/12/20 08:42PM	20036	[]
01/12/20 08:42PM	20036	si el metodo esta no es publico  verifico que este logueado.
01/12/20 08:42PM	20036	Metodo Privado, Usuario autenticado
01/12/20 08:42PM	20036	**********FIN DE OPERACION**********
